2017-03-23 10:04:10 AM, Info: Initializing SIMPLSharp Services...
2017-03-23 10:04:10 AM, Info: ProjectInfo successfully initialized.
2017-03-23 10:09:04 AM, Info: Saving project information...
2017-03-23 10:09:04 AM, Info: Saving project information...
2017-03-23 10:09:04 AM, Info: Saving project information...
2017-03-23 10:11:52 AM, Info: Saving project information...
2017-03-23 10:11:52 AM, Info: Saving project information...
2017-03-23 10:11:52 AM, Info: Saving project information...
2017-03-23 10:11:52 AM, Info: Saving project information...
2017-03-23 10:11:52 AM, Info: Saving project information...
2017-03-23 10:11:52 AM, Info: Saving project information...
2017-03-23 10:11:56 AM, Info: Validating assembly \\Mac\Home\Desktop\GitHub\CrestronGold\Gold Exam\Gold Exam\bin\Debug\PushBulletClassV1._00.dll...
2017-03-23 10:11:56 AM, Info: Verifying assembly \\Mac\Home\Desktop\GitHub\CrestronGold\Gold Exam\Gold Exam\bin\Debug\PushBulletClassV1._00.dll
2017-03-23 10:11:57 AM, Info: Creating Archive \\Mac\Home\Desktop\GitHub\CrestronGold\Gold Exam\Gold Exam\bin\Debug\PushBulletClassV1.05.clz...
2017-03-23 10:12:02 AM, Info: Saving project information...
2017-03-23 10:16:02 AM, Info: Validating assembly \\Mac\Home\Desktop\GitHub\CrestronGold\Gold Exam\Gold Exam\bin\Debug\PushBulletClassV1._00.dll...
2017-03-23 10:16:02 AM, Info: Verifying assembly \\Mac\Home\Desktop\GitHub\CrestronGold\Gold Exam\Gold Exam\bin\Debug\PushBulletClassV1._00.dll
2017-03-23 10:16:02 AM, Info: Creating Archive \\Mac\Home\Desktop\GitHub\CrestronGold\Gold Exam\Gold Exam\bin\Debug\PushBulletClassV1.05.clz...
2017-03-23 10:16:04 AM, Info: Saving project information...
2017-03-23 10:31:35 AM, Info: Terminating SIMPLSharp Services
