2017-03-13 10:06:52 AM, Info: Initializing SIMPLSharp Services...
2017-03-13 10:06:52 AM, Info: ProjectInfo successfully initialized.
2017-03-13 10:10:28 AM, Info: Validating assembly \\Mac\Home\Documents\Visual Studio 2008\Projects\Pushbullet Testing\Pushbullet Testing\bin\Debug\Pushbullet Testing.dll...
2017-03-13 10:10:28 AM, Info: Verifying assembly \\Mac\Home\Documents\Visual Studio 2008\Projects\Pushbullet Testing\Pushbullet Testing\bin\Debug\Pushbullet Testing.dll
2017-03-13 10:10:28 AM, Info: Creating Archive \\Mac\Home\Documents\Visual Studio 2008\Projects\Pushbullet Testing\Pushbullet Testing\bin\Debug\Pushbullet Testing.clz...
2017-03-13 10:10:29 AM, Info: Saving project information...
2017-03-13 10:12:54 AM, Info: Validating assembly \\Mac\Home\Documents\Visual Studio 2008\Projects\Pushbullet Testing\Pushbullet Testing\bin\Debug\Pushbullet Testing.dll...
2017-03-13 10:12:54 AM, Info: Verifying assembly \\Mac\Home\Documents\Visual Studio 2008\Projects\Pushbullet Testing\Pushbullet Testing\bin\Debug\Pushbullet Testing.dll
2017-03-13 10:12:54 AM, Info: Creating Archive \\Mac\Home\Documents\Visual Studio 2008\Projects\Pushbullet Testing\Pushbullet Testing\bin\Debug\Pushbullet Testing.clz...
2017-03-13 10:12:55 AM, Info: Saving project information...
2017-03-13 10:14:10 AM, Info: Initializing SIMPLSharp Services...
2017-03-13 10:14:10 AM, Info: ProjectInfo successfully initialized.
2017-03-13 10:14:11 AM, Info: Saving project information...
2017-03-13 10:14:11 AM, Info: Saving project information...
2017-03-13 10:14:11 AM, Info: Saving project information...
2017-03-13 10:14:11 AM, Info: Saving project information...
2017-03-13 10:14:11 AM, Info: Saving project information...
2017-03-13 10:14:11 AM, Info: Saving project information...
2017-03-13 10:20:37 AM, Info: Initializing SIMPLSharp Services...
2017-03-13 10:20:37 AM, Info: ProjectInfo successfully initialized.
2017-03-13 10:21:17 AM, Info: Initializing SIMPLSharp Services...
2017-03-13 10:21:17 AM, Info: ProjectInfo successfully initialized.
2017-03-13 10:21:33 AM, Info: Saving project information...
2017-03-13 10:21:33 AM, Info: Saving project information...
2017-03-13 10:21:33 AM, Info: Saving project information...
2017-03-13 10:21:33 AM, Info: Saving project information...
2017-03-13 10:21:33 AM, Info: Saving project information...
2017-03-13 10:21:33 AM, Info: Saving project information...
2017-03-13 10:21:34 AM, Info: Validating assembly \\Mac\Home\Desktop\GitHub\CrestronGold\Gold Exam\Gold Exam\bin\Debug\Gold Exam.dll...
2017-03-13 10:21:34 AM, Info: Verifying assembly \\Mac\Home\Desktop\GitHub\CrestronGold\Gold Exam\Gold Exam\bin\Debug\Gold Exam.dll
2017-03-13 10:21:34 AM, Info: Creating Archive \\Mac\Home\Desktop\GitHub\CrestronGold\Gold Exam\Gold Exam\bin\Debug\Gold Exam.clz...
2017-03-13 10:21:34 AM, Info: Saving project information...
2017-03-13 11:06:07 AM, Info: Validating assembly \\Mac\Home\Desktop\GitHub\CrestronGold\Gold Exam\Gold Exam\bin\Debug\Gold Exam.dll...
2017-03-13 11:06:08 AM, Info: Verifying assembly \\Mac\Home\Desktop\GitHub\CrestronGold\Gold Exam\Gold Exam\bin\Debug\Gold Exam.dll
2017-03-13 11:06:08 AM, Info: Creating Archive \\Mac\Home\Desktop\GitHub\CrestronGold\Gold Exam\Gold Exam\bin\Debug\Gold Exam.clz...
2017-03-13 11:06:08 AM, Info: Saving project information...
2017-03-13 11:55:27 AM, Info: Validating assembly \\Mac\Home\Desktop\GitHub\CrestronGold\Gold Exam\Gold Exam\bin\Debug\Gold Exam.dll...
2017-03-13 11:55:27 AM, Info: Verifying assembly \\Mac\Home\Desktop\GitHub\CrestronGold\Gold Exam\Gold Exam\bin\Debug\Gold Exam.dll
2017-03-13 11:55:28 AM, Info: Creating Archive \\Mac\Home\Desktop\GitHub\CrestronGold\Gold Exam\Gold Exam\bin\Debug\Gold Exam.clz...
2017-03-13 11:55:28 AM, Info: Saving project information...
2017-03-13 12:02:52 PM, Info: Validating assembly \\Mac\Home\Desktop\GitHub\CrestronGold\Gold Exam\Gold Exam\bin\Debug\Gold Exam.dll...
2017-03-13 12:02:52 PM, Info: Verifying assembly \\Mac\Home\Desktop\GitHub\CrestronGold\Gold Exam\Gold Exam\bin\Debug\Gold Exam.dll
2017-03-13 12:02:52 PM, Info: Creating Archive \\Mac\Home\Desktop\GitHub\CrestronGold\Gold Exam\Gold Exam\bin\Debug\Gold Exam.clz...
2017-03-13 12:02:53 PM, Info: Saving project information...
2017-03-13 12:53:15 PM, Info: Validating assembly \\Mac\Home\Desktop\GitHub\CrestronGold\Gold Exam\Gold Exam\bin\Debug\Gold Exam.dll...
2017-03-13 12:53:15 PM, Info: Verifying assembly \\Mac\Home\Desktop\GitHub\CrestronGold\Gold Exam\Gold Exam\bin\Debug\Gold Exam.dll
2017-03-13 12:53:15 PM, Info: Creating Archive \\Mac\Home\Desktop\GitHub\CrestronGold\Gold Exam\Gold Exam\bin\Debug\Gold Exam.clz...
2017-03-13 12:53:15 PM, Info: Saving project information...
2017-03-13 12:53:25 PM, Info: Validating assembly \\Mac\Home\Desktop\GitHub\CrestronGold\Gold Exam\Gold Exam\bin\Debug\Gold Exam.dll...
2017-03-13 12:53:25 PM, Info: Verifying assembly \\Mac\Home\Desktop\GitHub\CrestronGold\Gold Exam\Gold Exam\bin\Debug\Gold Exam.dll
2017-03-13 12:53:25 PM, Info: Creating Archive \\Mac\Home\Desktop\GitHub\CrestronGold\Gold Exam\Gold Exam\bin\Debug\Gold Exam.clz...
2017-03-13 12:53:25 PM, Info: Saving project information...
2017-03-13 12:55:45 PM, Info: Terminating SIMPLSharp Services
2017-03-13 12:55:45 PM, Info: Saving project information...
2017-03-13 12:55:45 PM, Info: Terminating SIMPLSharp Services
2017-03-13 12:55:45 PM, Info: Saving project information...
2017-03-13 12:55:45 PM, Info: Terminating SIMPLSharp Services
2017-03-13 12:55:45 PM, Info: Saving project information...
2017-03-13 12:55:45 PM, Info: Terminating SIMPLSharp Services
